<?xml version="1.0" encoding="UTF-8"?>
<testng-results ignored="0" total="1" passed="1" failed="0" skipped="0">
  <reporter-output>
  </reporter-output>
  <suite started-at="2020-05-06T16:17:02 CEST" name="Default suite" finished-at="2020-05-06T16:17:04 CEST" duration-ms="1339">
    <groups>
    </groups>
    <test started-at="2020-05-06T16:17:02 CEST" name="Default test" finished-at="2020-05-06T16:17:04 CEST" duration-ms="1339">
      <class name="com.qa.tests.PostAPITest">
        <test-method is-config="true" signature="setUp()[pri:0, instance:com.qa.tests.PostAPITest@7920ba90]" started-at="2020-05-06T16:17:02 CEST" name="setUp" finished-at="2020-05-06T16:17:02 CEST" duration-ms="8" status="PASS">
          <reporter-output>
          </reporter-output>
        </test-method> <!-- setUp -->
        <test-method signature="postAPITest()[pri:0, instance:com.qa.tests.PostAPITest@7920ba90]" started-at="2020-05-06T16:17:02 CEST" name="postAPITest" finished-at="2020-05-06T16:17:04 CEST" duration-ms="1268" status="PASS">
          <reporter-output>
          </reporter-output>
        </test-method> <!-- postAPITest -->
      </class> <!-- com.qa.tests.PostAPITest -->
    </test> <!-- Default test -->
  </suite> <!-- Default suite -->
</testng-results>
